-------------------------------------------------------------------------------
Test set: OrderCreateTest
-------------------------------------------------------------------------------
Tests run: 4, Failures: 1, Errors: 0, Skipped: 0, Time elapsed: 3.527 s <<< FAILURE! - in OrderCreateTest
checkOrderWithoutAuthCannotBeCreated(OrderCreateTest)  Time elapsed: 1.705 s  <<< FAILURE!
java.lang.AssertionError: 
Status code is not 400
Expected: <400>
     but: was <200>
	at OrderCreateTest.checkOrderWithoutAuthCannotBeCreated(OrderCreateTest.java:31)

