<?xml version="1.0" encoding="UTF-8"?>
<testsuite xmlns:xsi="http://www.w3.org/2001/XMLSchema-instance" xsi:noNamespaceSchemaLocation="https://maven.apache.org/surefire/maven-surefire-plugin/xsd/surefire-test-report.xsd" name="UserUpdateTest" time="2.983" tests="6" errors="0" skipped="0" failures="0">
  <properties>
[...]
</properties>
  <testcase name="checkUpdateEmail" classname="UserUpdateTest" time="0.622"/>
  <testcase name="checkUpdateNameWithOutToken" classname="UserUpdateTest" time="0.444"/>
  <testcase name="checkUpdatePasswordWithOutToken" classname="UserUpdateTest" time="0.454"/>
  <testcase name="checkUpdateName" classname="UserUpdateTest" time="0.518"/>
  <testcase name="checkUpdateEmailWithOutToken" classname="UserUpdateTest" time="0.44"/>
  <testcase name="checkUpdatePassword" classname="UserUpdateTest" time="0.487"/>
</testsuite>